<?xml version="1.0" encoding="UTF-8"?>
<testng-results ignored="0" total="1" passed="1" failed="0" skipped="0">
  <reporter-output>
  </reporter-output>
  <suite started-at="2025-01-31T12:39:12 EST" name="Regression" finished-at="2025-01-31T12:39:12 EST" duration-ms="48">
    <groups>
    </groups>
    <test started-at="2025-01-31T12:39:12 EST" name="version 1.2" finished-at="2025-01-31T12:39:12 EST" duration-ms="48">
      <class name="tests.TestNGParam">
        <test-method signature="sumNums(int,int)[pri:0, instance:tests.TestNGParam@1cf6d1be]" started-at="2025-01-31T12:39:12 EST" name="sumNums" finished-at="2025-01-31T12:39:12 EST" duration-ms="7" status="PASS">
          <params>
            <param index="0">
              <value>
                <![CDATA[2]]>
              </value>
            </param>
            <param index="1">
              <value>
                <![CDATA[3]]>
              </value>
            </param>
          </params>
          <reporter-output>
          </reporter-output>
        </test-method> <!-- sumNums -->
      </class> <!-- tests.TestNGParam -->
    </test> <!-- version 1.2 -->
  </suite> <!-- Regression -->
</testng-results>
