<?xml version="1.0" encoding="UTF-8"?>
<!-- Generated by org.testng.reporters.JUnitXMLReporter -->
<testsuite ignored="0" hostname="ATL-ASHARMA3" failures="1" tests="1" name="TestWithFirefox" time="12.681" errors="0" timestamp="2025-01-23T22:20:41 EST">
  <testcase classname="tests.FrontierValidAddressCheckTest" name="checkAvailability" time="2.364">
    <failure type="java.lang.AssertionError" message="expected [true] but found [false]">
      <![CDATA[java.lang.AssertionError: expected [true] but found [false]
at tests.FrontierValidAddressCheckTest.checkAvailability(FrontierValidAddressCheckTest.java:22)
at java.base/java.util.ArrayList.forEach(ArrayList.java:1511)
at java.base/java.util.concurrent.FutureTask.run(FutureTask.java:264)
at java.base/java.util.concurrent.ThreadPoolExecutor.runWorker(ThreadPoolExecutor.java:1136)
at java.base/java.util.concurrent.ThreadPoolExecutor$Worker.run(ThreadPoolExecutor.java:635)
at java.base/java.lang.Thread.run(Thread.java:840)
... Removed 21 stack frames]]>
    </failure>
  </testcase> <!-- checkAvailability -->
</testsuite> <!-- TestWithFirefox -->
